==================== AI 交互会话日志 ====================
时间：2026-03-13
任务：N 皇后问题求解器（回溯法）
========================================================

------------------- 1. 需求描述 -------------------
用户：
帮我写一个Python版N皇后求解器，函数名solve_n_queens(n)，用回溯法。
返回棋盘格式，用Q和.表示。
不需要pytest，用原生Python写测试，验证4皇后=2解，8皇后=92解。

AI：
好的，我为你实现高效回溯版N皇后，并生成原生测试代码。

------------------- 2. 代码生成 -------------------
AI 输出 solve_n_queens.py 完整代码：
def solve_n_queens(n):
    """
    使用回溯法解决N皇后问题
    :param n: 棋盘大小
    :return: 所有合法的棋盘布局
    """
    def backtrack(row, queens, cols, diags1, diags2):
        if row == n:
            board = ['.' * q + 'Q' + '.' * (n - q - 1) for q in queens]
            solutions.append(board)
            return
        for col in range(n):
            d1 = row - col
            d2 = row + col
            if col not in cols and d1 not in diags1 and d2 not in diags2:
                cols.add(col)
                diags1.add(d1)
                diags2.add(d2)
                queens.append(col)
                backtrack(row + 1, queens, cols, diags1, diags2)
                queens.pop()
                cols.remove(col)
                diags1.remove(d1)
                diags2.remove(d2)
    solutions = []
    backtrack(0, [], set(), set(), set())
    return solutions

AI 输出 test_eight_queens.py 测试代码：
import sys
sys.path.append("../src")
from eight_queens import solve_n_queens
def test_n_queens_4():
    solutions = solve_n_queens(4)
    assert len(solutions) == 2
    print("✅ 4皇后测试通过！")
def test_n_queens_8():
    solutions = solve_n_queens(8)
    assert len(solutions) == 92
    print("✅ 8皇后测试通过！")
if __name__ == "__main__":
    test_n_queens_4()
    test_n_queens_8()
    print("\n🎉 所有测试通过！")

------------------- 3. 引入 Bug（自主操作） -------------------
用户手动修改代码，删除副对角线检查：
if col not in cols and d1 not in diags1:

------------------- 4. 发现错误 -------------------
用户运行测试：
测试失败：
4皇后得到8个解，预期2个
8皇后解数量远大于92

------------------- 5. 向AI提问并修复Bug -------------------
用户：
我的N皇后代码出错了，4皇后解数量不对，8皇后也错了，请问哪里有问题？

AI：
问题出在冲突判断条件遗漏了副对角线 diags2 检查，导致对角线不拦截。
修复条件：
if col not in cols and d1 not in diags1 and d2 not in diags2:

用户修复后，测试全部通过。

------------------- 6. 代码重构优化 -------------------
用户：
帮我优化代码可读性，加注释、规范格式、保持逻辑不变。

AI：
已优化代码格式，增加文档字符串，优化变量可读性。
最终代码保持功能不变，更规范、更易读。

------------------- 7. 最终验证 -------------------
运行代码：
8皇后输出92个解 ✅
4皇后输出2个解 ✅
测试全部通过 ✅

==================== 会话结束 ====================